{
  "RSpec": {
    "coverage": {
      "/Users/dgreene2/Desktop/flatironschool/chicago-web-051319/13 - Intro to TDD/spec/hero_spec.rb": [
        1,
        null,
        1,
        1,
        null,
        null,
        3,
        null,
        null,
        null,
        null,
        null,
        null,
        null,
        null,
        null,
        null,
        null,
        null,
        null,
        1,
        3,
        null,
        1,
        null,
        1,
        null,
        null,
        1,
        null,
        null,
        1,
        null,
        null,
        null,
        null,
        null,
        null,
        null,
        null,
        null,
        null,
        null,
        1,
        1,
        null,
        null,
        1,
        1,
        null,
        null,
        null,
        null,
        1,
        null,
        1,
        null,
        null,
        null,
        null,
        null,
        1,
        1,
        null,
        1,
        null,
        null,
        1,
        0,
        null,
        null
      ],
      "/Users/dgreene2/Desktop/flatironschool/chicago-web-051319/13 - Intro to TDD/config/environment.rb": [
        1,
        1,
        1
      ],
      "/Users/dgreene2/Desktop/flatironschool/chicago-web-051319/13 - Intro to TDD/app/hero.rb": [
        1,
        null,
        1,
        null,
        null,
        null,
        1,
        5,
        null,
        null,
        null,
        1,
        null,
        2,
        2,
        null,
        null,
        null,
        null,
        1,
        1,
        null,
        null,
        1,
        null,
        1,
        3,
        null,
        null,
        null,
        1,
        1,
        1,
        null,
        0,
        null,
        null,
        null,
        null
      ]
    },
    "timestamp": 1559159064
  }
}
